-------------------------------------------------------------------------------
Test set: example.SecondTest
-------------------------------------------------------------------------------
Tests run: 1, Failures: 1, Errors: 0, Skipped: 0, Time elapsed: 5.088 sec <<< FAILURE!
testEasy(example.SecondTest)  Time elapsed: 0.005 sec  <<< FAILURE!
java.lang.Error: Unresolved compilation problem: 
	Syntax error on token "Generation", ; expected
	at example.SecondTest.testEasy(SecondTest.java:18)

