<?xml version="1.0" encoding="UTF-8"?>
<testng-results skipped="0" failed="0" total="0" passed="0">
  <reporter-output>
  </reporter-output>
  <suite name="example.SecondTest" duration-ms="3" started-at="2016-04-20T12:21:55Z" finished-at="2016-04-20T12:21:55Z">
    <groups>
    </groups>
    <test name="Command line test" duration-ms="3" started-at="2016-04-20T12:21:55Z" finished-at="2016-04-20T12:21:55Z">
    </test> <!-- Command line test -->
  </suite> <!-- example.SecondTest -->
</testng-results>
