<?xml version="1.0" encoding="UTF-8"?>
<testng-results skipped="0" failed="0" total="1" passed="1">
  <reporter-output>
  </reporter-output>
  <suite name="example.SecondTest" duration-ms="11274" started-at="2016-04-21T11:42:02Z" finished-at="2016-04-21T11:42:13Z">
    <groups>
    </groups>
    <test name="Command line test" duration-ms="11274" started-at="2016-04-21T11:42:02Z" finished-at="2016-04-21T11:42:13Z">
      <class name="example.SecondTest">
        <test-method status="PASS" signature="beforeTest()[pri:0, instance:example.SecondTest@18047193]" name="beforeTest" is-config="true" duration-ms="6570" started-at="2016-04-21T17:12:02Z" finished-at="2016-04-21T17:12:08Z">
          <reporter-output>
          </reporter-output>
        </test-method> <!-- beforeTest -->
        <test-method status="PASS" signature="testEasy()[pri:0, instance:example.SecondTest@18047193]" name="testEasy" duration-ms="4672" started-at="2016-04-21T17:12:08Z" finished-at="2016-04-21T17:12:13Z">
          <reporter-output>
          </reporter-output>
        </test-method> <!-- testEasy -->
        <test-method status="PASS" signature="afterTest()[pri:0, instance:example.SecondTest@18047193]" name="afterTest" is-config="true" duration-ms="0" started-at="2016-04-21T17:12:13Z" finished-at="2016-04-21T17:12:13Z">
          <reporter-output>
          </reporter-output>
        </test-method> <!-- afterTest -->
      </class> <!-- example.SecondTest -->
    </test> <!-- Command line test -->
  </suite> <!-- example.SecondTest -->
</testng-results>
