<?xml version="1.0" encoding="UTF-8"?>
<testng-results skipped="0" failed="0" total="1" passed="1">
  <reporter-output>
  </reporter-output>
  <suite name="Default suite" duration-ms="4951" started-at="2016-04-21T08:39:02Z" finished-at="2016-04-21T08:39:07Z">
    <groups>
    </groups>
    <test name="Default test" duration-ms="4951" started-at="2016-04-21T08:39:02Z" finished-at="2016-04-21T08:39:07Z">
      <class name="example.SecondTest">
        <test-method status="PASS" signature="beforeTest()[pri:0, instance:example.SecondTest@83805f9]" name="beforeTest" is-config="true" duration-ms="4760" started-at="2016-04-21T14:09:02Z" finished-at="2016-04-21T14:09:06Z">
          <reporter-output>
          </reporter-output>
        </test-method> <!-- beforeTest -->
        <test-method status="PASS" signature="testEasy()[pri:0, instance:example.SecondTest@83805f9]" name="testEasy" duration-ms="28" started-at="2016-04-21T14:09:06Z" finished-at="2016-04-21T14:09:06Z">
          <reporter-output>
          </reporter-output>
        </test-method> <!-- testEasy -->
        <test-method status="PASS" signature="afterTest()[pri:0, instance:example.SecondTest@83805f9]" name="afterTest" is-config="true" duration-ms="146" started-at="2016-04-21T14:09:06Z" finished-at="2016-04-21T14:09:07Z">
          <reporter-output>
          </reporter-output>
        </test-method> <!-- afterTest -->
      </class> <!-- example.SecondTest -->
    </test> <!-- Default test -->
  </suite> <!-- Default suite -->
</testng-results>
