<?xml version="1.0" encoding="UTF-8"?>
<testng-results skipped="0" failed="0" total="1" passed="1">
  <reporter-output>
  </reporter-output>
  <suite name="Suite" duration-ms="18616" started-at="2016-04-20T11:22:24Z" finished-at="2016-04-20T11:22:42Z">
    <groups>
    </groups>
    <test name="Test" duration-ms="18616" started-at="2016-04-20T11:22:24Z" finished-at="2016-04-20T11:22:42Z">
      <class name="example.SecondTest">
        <test-method status="PASS" signature="beforeTest()[pri:0, instance:example.SecondTest@7d52cb9a]" name="beforeTest" is-config="true" duration-ms="5807" started-at="2016-04-20T16:52:24Z" finished-at="2016-04-20T16:52:30Z">
          <reporter-output>
          </reporter-output>
        </test-method> <!-- beforeTest -->
        <test-method status="PASS" signature="testEasy()[pri:0, instance:example.SecondTest@7d52cb9a]" name="testEasy" duration-ms="12632" started-at="2016-04-20T16:52:30Z" finished-at="2016-04-20T16:52:42Z">
          <reporter-output>
          </reporter-output>
        </test-method> <!-- testEasy -->
        <test-method status="PASS" signature="afterTest()[pri:0, instance:example.SecondTest@7d52cb9a]" name="afterTest" is-config="true" duration-ms="140" started-at="2016-04-20T16:52:42Z" finished-at="2016-04-20T16:52:42Z">
          <reporter-output>
          </reporter-output>
        </test-method> <!-- afterTest -->
      </class> <!-- example.SecondTest -->
    </test> <!-- Test -->
  </suite> <!-- Suite -->
</testng-results>
